android/app/build/intermediates/manifest_merge_blame_file/debug/manifest-merger-blame-debug-report.txt
1<?xml version="1.0" encoding="utf-8"?>
2<manifest xmlns:android="http://schemas.android.com/apk/res/android"
3    package="com.steelonweb"
4    android:versionCode="1"
5    android:versionName="1.0" >
6
7    <uses-sdk
8        android:minSdkVersion="21"
9        android:targetSdkVersion="30" />
10
11    <uses-permission android:name="android.permission.SYSTEM_ALERT_WINDOW" />
11-->src/main/AndroidManifest.xml:3:3-75
11-->src/main/AndroidManifest.xml:3:20-73
12    <uses-permission android:name="android.permission.INTERNET" />
12-->src/main/AndroidManifest.xml:2:3-64
12-->src/main/AndroidManifest.xml:2:20-62
13    <uses-permission android:name="android.permission.READ_PHONE_STATE" />
13-->src/main/AndroidManifest.xml:4:3-72
13-->src/main/AndroidManifest.xml:4:20-70
14    <uses-permission android:name="android.permission.VIBRATE" />
14-->src/main/AndroidManifest.xml:5:3-63
14-->src/main/AndroidManifest.xml:5:20-61
15    <uses-permission android:name="android.permission.MODIFY_AUDIO_SETTINGS" />
15-->src/main/AndroidManifest.xml:6:3-77
15-->src/main/AndroidManifest.xml:6:20-75
16    <uses-permission android:name="android.permission.READ_EXTERNAL_STORAGE" />
16-->src/main/AndroidManifest.xml:7:3-77
16-->src/main/AndroidManifest.xml:7:20-75
17    <uses-permission android:name="android.permission.WRITE_EXTERNAL_STORAGE" />
17-->src/main/AndroidManifest.xml:8:3-78
17-->src/main/AndroidManifest.xml:8:20-76
18    <uses-permission android:name="android.permission.VIBRATE" />
18-->src/main/AndroidManifest.xml:5:3-63
18-->src/main/AndroidManifest.xml:5:20-61
19    <uses-permission android:name="android.permission.RECEIVE_BOOT_COMPLETED" />
19-->src/main/AndroidManifest.xml:10:5-80
19-->src/main/AndroidManifest.xml:10:22-78
20    <uses-permission android:name="android.permission.ACCESS_WIFI_STATE" />
20-->[com.facebook.flipper:flipper:0.54.0] AndroidManifest.xml:16:5-76
20-->[com.facebook.flipper:flipper:0.54.0] AndroidManifest.xml:16:22-73
21    <uses-permission android:name="android.permission.ACCESS_NETWORK_STATE" />
21-->[:expo-updates] AndroidManifest.xml:11:5-79
21-->[:expo-updates] AndroidManifest.xml:11:22-76
22    <uses-permission android:name="android.permission.WAKE_LOCK" /> <!-- Required by older versions of Google Play services to create IID tokens -->
22-->[:react-native-firebase_auth] AndroidManifest.xml:12:5-68
22-->[:react-native-firebase_auth] AndroidManifest.xml:12:22-65
23    <uses-permission android:name="com.google.android.c2dm.permission.RECEIVE" />
23-->[com.google.firebase:firebase-messaging:22.0.0] AndroidManifest.xml:25:5-82
23-->[com.google.firebase:firebase-messaging:22.0.0] AndroidManifest.xml:25:22-79
24    <uses-permission android:name="com.google.android.finsky.permission.BIND_GET_INSTALL_REFERRER_SERVICE" /> <!-- for android -->
24-->[com.android.installreferrer:installreferrer:1.0] AndroidManifest.xml:9:5-110
24-->[com.android.installreferrer:installreferrer:1.0] AndroidManifest.xml:9:22-107
25    <!-- <uses-permission android:name="com.android.launcher.permission.READ_SETTINGS"/> -->
26    <!-- <uses-permission android:name="com.android.launcher.permission.WRITE_SETTINGS"/> -->
27    <!-- <uses-permission android:name="com.android.launcher.permission.INSTALL_SHORTCUT" /> -->
28    <!-- <uses-permission android:name="com.android.launcher.permission.UNINSTALL_SHORTCUT" /> -->
29    <!-- for Samsung -->
30    <uses-permission android:name="com.sec.android.provider.badge.permission.READ" />
30-->[me.leolin:ShortcutBadger:1.1.22] AndroidManifest.xml:19:5-86
30-->[me.leolin:ShortcutBadger:1.1.22] AndroidManifest.xml:19:22-83
31    <uses-permission android:name="com.sec.android.provider.badge.permission.WRITE" /> <!-- for htc -->
31-->[me.leolin:ShortcutBadger:1.1.22] AndroidManifest.xml:20:5-87
31-->[me.leolin:ShortcutBadger:1.1.22] AndroidManifest.xml:20:22-84
32    <uses-permission android:name="com.htc.launcher.permission.READ_SETTINGS" />
32-->[me.leolin:ShortcutBadger:1.1.22] AndroidManifest.xml:23:5-81
32-->[me.leolin:ShortcutBadger:1.1.22] AndroidManifest.xml:23:22-78
33    <uses-permission android:name="com.htc.launcher.permission.UPDATE_SHORTCUT" /> <!-- for sony -->
33-->[me.leolin:ShortcutBadger:1.1.22] AndroidManifest.xml:24:5-83
33-->[me.leolin:ShortcutBadger:1.1.22] AndroidManifest.xml:24:22-80
34    <uses-permission android:name="com.sonyericsson.home.permission.BROADCAST_BADGE" />
34-->[me.leolin:ShortcutBadger:1.1.22] AndroidManifest.xml:27:5-88
34-->[me.leolin:ShortcutBadger:1.1.22] AndroidManifest.xml:27:22-85
35    <uses-permission android:name="com.sonymobile.home.permission.PROVIDER_INSERT_BADGE" /> <!-- for apex -->
35-->[me.leolin:ShortcutBadger:1.1.22] AndroidManifest.xml:28:5-92
35-->[me.leolin:ShortcutBadger:1.1.22] AndroidManifest.xml:28:22-89
36    <uses-permission android:name="com.anddoes.launcher.permission.UPDATE_COUNT" /> <!-- for solid -->
36-->[me.leolin:ShortcutBadger:1.1.22] AndroidManifest.xml:31:5-84
36-->[me.leolin:ShortcutBadger:1.1.22] AndroidManifest.xml:31:22-81
37    <uses-permission android:name="com.majeur.launcher.permission.UPDATE_BADGE" /> <!-- for huawei -->
37-->[me.leolin:ShortcutBadger:1.1.22] AndroidManifest.xml:34:5-83
37-->[me.leolin:ShortcutBadger:1.1.22] AndroidManifest.xml:34:22-80
38    <uses-permission android:name="com.huawei.android.launcher.permission.CHANGE_BADGE" />
38-->[me.leolin:ShortcutBadger:1.1.22] AndroidManifest.xml:37:5-91
38-->[me.leolin:ShortcutBadger:1.1.22] AndroidManifest.xml:37:22-88
39    <uses-permission android:name="com.huawei.android.launcher.permission.READ_SETTINGS" />
39-->[me.leolin:ShortcutBadger:1.1.22] AndroidManifest.xml:38:5-92
39-->[me.leolin:ShortcutBadger:1.1.22] AndroidManifest.xml:38:22-89
40    <uses-permission android:name="com.huawei.android.launcher.permission.WRITE_SETTINGS" /> <!-- for ZUK -->
40-->[me.leolin:ShortcutBadger:1.1.22] AndroidManifest.xml:39:5-93
40-->[me.leolin:ShortcutBadger:1.1.22] AndroidManifest.xml:39:22-90
41    <uses-permission android:name="android.permission.READ_APP_BADGE" /> <!-- for OPPO -->
41-->[me.leolin:ShortcutBadger:1.1.22] AndroidManifest.xml:42:5-73
41-->[me.leolin:ShortcutBadger:1.1.22] AndroidManifest.xml:42:22-70
42    <uses-permission android:name="com.oppo.launcher.permission.READ_SETTINGS" />
42-->[me.leolin:ShortcutBadger:1.1.22] AndroidManifest.xml:45:5-82
42-->[me.leolin:ShortcutBadger:1.1.22] AndroidManifest.xml:45:22-79
43    <uses-permission android:name="com.oppo.launcher.permission.WRITE_SETTINGS" /> <!-- for EvMe -->
43-->[me.leolin:ShortcutBadger:1.1.22] AndroidManifest.xml:46:5-83
43-->[me.leolin:ShortcutBadger:1.1.22] AndroidManifest.xml:46:22-80
44    <uses-permission android:name="me.everything.badger.permission.BADGE_COUNT_READ" />
44-->[me.leolin:ShortcutBadger:1.1.22] AndroidManifest.xml:49:5-88
44-->[me.leolin:ShortcutBadger:1.1.22] AndroidManifest.xml:49:22-85
45    <uses-permission android:name="me.everything.badger.permission.BADGE_COUNT_WRITE" />
45-->[me.leolin:ShortcutBadger:1.1.22] AndroidManifest.xml:50:5-89
45-->[me.leolin:ShortcutBadger:1.1.22] AndroidManifest.xml:50:22-86
46
47    <application
47-->src/main/AndroidManifest.xml:11:3-40:17
48        android:name="com.steelonweb.MainApplication"
48-->src/main/AndroidManifest.xml:11:16-61
49        android:allowBackup="false"
49-->src/main/AndroidManifest.xml:11:176-203
50        android:appComponentFactory="androidx.core.app.CoreComponentFactory"
50-->[androidx.core:core:1.3.0] AndroidManifest.xml:24:18-86
51        android:debuggable="true"
52        android:icon="@mipmap/ic_launcher"
52-->src/main/AndroidManifest.xml:11:95-129
53        android:label="@string/app_name"
53-->src/main/AndroidManifest.xml:11:62-94
54        android:roundIcon="@mipmap/ic_launcher_round"
54-->src/main/AndroidManifest.xml:11:130-175
55        android:theme="@style/AppTheme"
55-->src/main/AndroidManifest.xml:11:204-235
56        android:usesCleartextTraffic="true" > <!-- Change the value to true to enable pop-up for in foreground on receiving remote notifications (for prevent duplicating while showing local notifications set this to false) -->
56-->src/debug/AndroidManifest.xml:6:18-53
57        <meta-data
57-->src/main/AndroidManifest.xml:13:9-14:44
58            android:name="com.dieam.reactnativepushnotification.notification_foreground"
58-->src/main/AndroidManifest.xml:13:21-97
59            android:value="false" /> <!-- Change the resource name to your App's accent color - or any other color you want -->
59-->src/main/AndroidManifest.xml:14:21-42
60        <meta-data
60-->src/main/AndroidManifest.xml:16:9-17:54
61            android:name="com.dieam.reactnativepushnotification.notification_color"
61-->src/main/AndroidManifest.xml:16:21-92
62            android:resource="@color/white" /> <!-- or @android:color/{name} to use a standard color -->
62-->src/main/AndroidManifest.xml:17:21-52
63        <receiver android:name="com.dieam.reactnativepushnotification.modules.RNPushNotificationActions" />
63-->src/main/AndroidManifest.xml:19:9-108
63-->src/main/AndroidManifest.xml:19:19-105
64        <receiver android:name="com.dieam.reactnativepushnotification.modules.RNPushNotificationPublisher" />
64-->src/main/AndroidManifest.xml:20:9-110
64-->src/main/AndroidManifest.xml:20:19-107
65        <receiver android:name="com.dieam.reactnativepushnotification.modules.RNPushNotificationBootEventReceiver" >
65-->src/main/AndroidManifest.xml:21:9-27:20
65-->src/main/AndroidManifest.xml:21:19-115
66            <intent-filter>
66-->src/main/AndroidManifest.xml:22:13-26:29
67                <action android:name="android.intent.action.BOOT_COMPLETED" />
67-->src/main/AndroidManifest.xml:23:17-79
67-->src/main/AndroidManifest.xml:23:25-76
68                <action android:name="android.intent.action.QUICKBOOT_POWERON" />
68-->src/main/AndroidManifest.xml:24:17-82
68-->src/main/AndroidManifest.xml:24:25-79
69                <action android:name="com.htc.intent.action.QUICKBOOT_POWERON" />
69-->src/main/AndroidManifest.xml:25:17-81
69-->src/main/AndroidManifest.xml:25:25-79
70            </intent-filter>
71        </receiver>
72
73        <meta-data
73-->src/main/AndroidManifest.xml:28:5-128
74            android:name="expo.modules.updates.EXPO_UPDATE_URL"
74-->src/main/AndroidManifest.xml:28:16-67
75            android:value="https://exp.host/@madhva1699/MyBareProject" />
75-->src/main/AndroidManifest.xml:28:68-126
76        <meta-data
76-->src/main/AndroidManifest.xml:29:5-93
77            android:name="expo.modules.updates.EXPO_SDK_VERSION"
77-->src/main/AndroidManifest.xml:29:16-68
78            android:value="41.0.0" />
78-->src/main/AndroidManifest.xml:29:69-91
79        <meta-data
79-->src/main/AndroidManifest.xml:30:5-82
80            android:name="expo.modules.updates.ENABLED"
80-->src/main/AndroidManifest.xml:30:16-59
81            android:value="true" />
81-->src/main/AndroidManifest.xml:30:60-80
82        <meta-data
82-->src/main/AndroidManifest.xml:31:5-105
83            android:name="expo.modules.updates.EXPO_UPDATES_CHECK_ON_LAUNCH"
83-->src/main/AndroidManifest.xml:31:16-80
84            android:value="ALWAYS" />
84-->src/main/AndroidManifest.xml:31:81-103
85        <meta-data
85-->src/main/AndroidManifest.xml:32:5-99
86            android:name="expo.modules.updates.EXPO_UPDATES_LAUNCH_WAIT_MS"
86-->src/main/AndroidManifest.xml:32:16-79
87            android:value="0" />
87-->src/main/AndroidManifest.xml:32:80-97
88
89        <activity
89-->src/main/AndroidManifest.xml:33:5-38:16
90            android:name="com.steelonweb.MainActivity"
90-->src/main/AndroidManifest.xml:33:15-57
91            android:configChanges="keyboard|keyboardHidden|orientation|screenSize|uiMode"
91-->src/main/AndroidManifest.xml:33:91-168
92            android:label="@string/app_name"
92-->src/main/AndroidManifest.xml:33:58-90
93            android:launchMode="singleTask"
93-->src/main/AndroidManifest.xml:33:169-200
94            android:theme="@style/Theme.App.SplashScreen"
94-->src/main/AndroidManifest.xml:33:244-289
95            android:windowSoftInputMode="adjustResize" >
95-->src/main/AndroidManifest.xml:33:201-243
96            <intent-filter>
96-->src/main/AndroidManifest.xml:34:7-37:23
97                <action android:name="android.intent.action.MAIN" />
97-->src/main/AndroidManifest.xml:35:9-60
97-->src/main/AndroidManifest.xml:35:17-58
98
99                <category android:name="android.intent.category.LAUNCHER" />
99-->src/main/AndroidManifest.xml:36:9-68
99-->src/main/AndroidManifest.xml:36:19-66
100            </intent-filter>
101        </activity>
102        <activity android:name="com.facebook.react.devsupport.DevSettingsActivity" />
102-->src/main/AndroidManifest.xml:39:5-81
102-->src/main/AndroidManifest.xml:39:15-79
103
104        <meta-data
104-->[:unimodules-react-native-adapter] AndroidManifest.xml:12:9-14:91
105            android:name="org.unimodules.core.AppLoader#react-native-headless"
105-->[:unimodules-react-native-adapter] AndroidManifest.xml:13:13-79
106            android:value="org.unimodules.adapters.react.apploader.RNHeadlessAppLoader" />
106-->[:unimodules-react-native-adapter] AndroidManifest.xml:14:13-88
107
108        <activity
108-->[:react-native-razorpay] AndroidManifest.xml:12:9-14:86
109            android:name="com.razorpay.CheckoutActivity"
109-->[:react-native-razorpay] AndroidManifest.xml:13:13-57
110            android:configChanges="keyboard|keyboardHidden|orientation|screenSize"
110-->[:react-native-razorpay] AndroidManifest.xml:14:13-83
111            android:theme="@style/CheckoutTheme" >
111-->[com.razorpay:checkout:1.6.8] AndroidManifest.xml:21:13-49
112            <intent-filter>
112-->[com.razorpay:checkout:1.6.8] AndroidManifest.xml:22:13-28:29
113                <action android:name="android.intent.action.MAIN" />
113-->src/main/AndroidManifest.xml:35:9-60
113-->src/main/AndroidManifest.xml:35:17-58
114
115                <data
115-->[com.google.firebase:firebase-auth:21.0.1] AndroidManifest.xml:39:17-42:51
116                    android:host="rzp.io"
116-->[com.google.firebase:firebase-auth:21.0.1] AndroidManifest.xml:40:21-49
117                    android:scheme="io.rzp" />
117-->[com.google.firebase:firebase-auth:21.0.1] AndroidManifest.xml:42:21-48
118            </intent-filter>
119        </activity>
120
121        <provider
121-->[:expo-file-system] AndroidManifest.xml:17:9-26:20
122            android:name="expo.modules.filesystem.FileSystemFileProvider"
122-->[:expo-file-system] AndroidManifest.xml:18:13-74
123            android:authorities="com.steelonweb.FileSystemFileProvider"
123-->[:expo-file-system] AndroidManifest.xml:19:13-74
124            android:exported="false"
124-->[:expo-file-system] AndroidManifest.xml:20:13-37
125            android:grantUriPermissions="true" >
125-->[:expo-file-system] AndroidManifest.xml:21:13-47
126            <meta-data
126-->[:expo-file-system] AndroidManifest.xml:23:13-25:70
127                android:name="android.support.FILE_PROVIDER_PATHS"
127-->[:expo-file-system] AndroidManifest.xml:24:17-67
128                android:resource="@xml/file_system_provider_paths" />
128-->[:expo-file-system] AndroidManifest.xml:25:17-67
129        </provider>
130
131        <activity
131-->[com.google.firebase:firebase-auth:21.0.1] AndroidManifest.xml:27:9-44:20
132            android:name="com.google.firebase.auth.internal.GenericIdpActivity"
132-->[com.google.firebase:firebase-auth:21.0.1] AndroidManifest.xml:28:13-80
133            android:excludeFromRecents="true"
133-->[com.google.firebase:firebase-auth:21.0.1] AndroidManifest.xml:29:13-46
134            android:exported="true"
134-->[com.google.firebase:firebase-auth:21.0.1] AndroidManifest.xml:30:13-36
135            android:launchMode="singleTask"
135-->[com.google.firebase:firebase-auth:21.0.1] AndroidManifest.xml:31:13-44
136            android:theme="@android:style/Theme.Translucent.NoTitleBar" >
136-->[com.google.firebase:firebase-auth:21.0.1] AndroidManifest.xml:32:13-72
137            <intent-filter>
137-->[com.google.firebase:firebase-auth:21.0.1] AndroidManifest.xml:33:13-43:29
138                <action android:name="android.intent.action.VIEW" />
138-->[com.google.firebase:firebase-auth:21.0.1] AndroidManifest.xml:34:17-69
138-->[com.google.firebase:firebase-auth:21.0.1] AndroidManifest.xml:34:25-66
139
140                <category android:name="android.intent.category.DEFAULT" />
140-->[com.google.firebase:firebase-auth:21.0.1] AndroidManifest.xml:36:17-76
140-->[com.google.firebase:firebase-auth:21.0.1] AndroidManifest.xml:36:27-73
141                <category android:name="android.intent.category.BROWSABLE" />
141-->[com.google.firebase:firebase-auth:21.0.1] AndroidManifest.xml:37:17-78
141-->[com.google.firebase:firebase-auth:21.0.1] AndroidManifest.xml:37:27-75
142
143                <data
143-->[com.google.firebase:firebase-auth:21.0.1] AndroidManifest.xml:39:17-42:51
144                    android:host="firebase.auth"
144-->[com.google.firebase:firebase-auth:21.0.1] AndroidManifest.xml:40:21-49
145                    android:path="/"
145-->[com.google.firebase:firebase-auth:21.0.1] AndroidManifest.xml:41:21-37
146                    android:scheme="genericidp" />
146-->[com.google.firebase:firebase-auth:21.0.1] AndroidManifest.xml:42:21-48
147            </intent-filter>
148        </activity>
149        <activity
149-->[com.google.firebase:firebase-auth:21.0.1] AndroidManifest.xml:45:9-62:20
150            android:name="com.google.firebase.auth.internal.RecaptchaActivity"
150-->[com.google.firebase:firebase-auth:21.0.1] AndroidManifest.xml:46:13-79
151            android:excludeFromRecents="true"
151-->[com.google.firebase:firebase-auth:21.0.1] AndroidManifest.xml:47:13-46
152            android:exported="true"
152-->[com.google.firebase:firebase-auth:21.0.1] AndroidManifest.xml:48:13-36
153            android:launchMode="singleTask"
153-->[com.google.firebase:firebase-auth:21.0.1] AndroidManifest.xml:49:13-44
154            android:theme="@android:style/Theme.Translucent.NoTitleBar" >
154-->[com.google.firebase:firebase-auth:21.0.1] AndroidManifest.xml:50:13-72
155            <intent-filter>
155-->[com.google.firebase:firebase-auth:21.0.1] AndroidManifest.xml:51:13-61:29
156                <action android:name="android.intent.action.VIEW" />
156-->[com.google.firebase:firebase-auth:21.0.1] AndroidManifest.xml:34:17-69
156-->[com.google.firebase:firebase-auth:21.0.1] AndroidManifest.xml:34:25-66
157
158                <category android:name="android.intent.category.DEFAULT" />
158-->[com.google.firebase:firebase-auth:21.0.1] AndroidManifest.xml:36:17-76
158-->[com.google.firebase:firebase-auth:21.0.1] AndroidManifest.xml:36:27-73
159                <category android:name="android.intent.category.BROWSABLE" />
159-->[com.google.firebase:firebase-auth:21.0.1] AndroidManifest.xml:37:17-78
159-->[com.google.firebase:firebase-auth:21.0.1] AndroidManifest.xml:37:27-75
160
161                <data
161-->[com.google.firebase:firebase-auth:21.0.1] AndroidManifest.xml:39:17-42:51
162                    android:host="firebase.auth"
162-->[com.google.firebase:firebase-auth:21.0.1] AndroidManifest.xml:40:21-49
163                    android:path="/"
163-->[com.google.firebase:firebase-auth:21.0.1] AndroidManifest.xml:41:21-37
164                    android:scheme="recaptcha" />
164-->[com.google.firebase:firebase-auth:21.0.1] AndroidManifest.xml:42:21-48
165            </intent-filter>
166        </activity>
167
168        <service
168-->[com.google.firebase:firebase-auth:21.0.1] AndroidManifest.xml:64:9-73:19
169            android:name="com.google.firebase.auth.api.fallback.service.FirebaseAuthFallbackService"
169-->[com.google.firebase:firebase-auth:21.0.1] AndroidManifest.xml:65:13-101
170            android:enabled="true"
170-->[com.google.firebase:firebase-auth:21.0.1] AndroidManifest.xml:66:13-35
171            android:exported="false" >
171-->[com.google.firebase:firebase-auth:21.0.1] AndroidManifest.xml:67:13-37
172            <intent-filter>
172-->[com.google.firebase:firebase-auth:21.0.1] AndroidManifest.xml:68:13-72:29
173                <action android:name="com.google.firebase.auth.api.gms.service.START" />
173-->[com.google.firebase:firebase-auth:21.0.1] AndroidManifest.xml:69:17-89
173-->[com.google.firebase:firebase-auth:21.0.1] AndroidManifest.xml:69:25-86
174
175                <category android:name="android.intent.category.DEFAULT" />
175-->[com.google.firebase:firebase-auth:21.0.1] AndroidManifest.xml:36:17-76
175-->[com.google.firebase:firebase-auth:21.0.1] AndroidManifest.xml:36:27-73
176            </intent-filter>
177        </service>
178        <service
178-->[com.google.firebase:firebase-auth:21.0.1] AndroidManifest.xml:74:9-80:19
179            android:name="com.google.firebase.components.ComponentDiscoveryService"
179-->[com.google.firebase:firebase-auth:21.0.1] AndroidManifest.xml:75:13-84
180            android:directBootAware="true"
180-->[com.google.firebase:firebase-common:20.0.0] AndroidManifest.xml:35:13-43
181            android:exported="false" >
181-->[com.google.firebase:firebase-auth:21.0.1] AndroidManifest.xml:76:13-37
182            <meta-data
182-->[com.google.firebase:firebase-auth:21.0.1] AndroidManifest.xml:77:13-79:85
183                android:name="com.google.firebase.components:com.google.firebase.auth.FirebaseAuthRegistrar"
183-->[com.google.firebase:firebase-auth:21.0.1] AndroidManifest.xml:78:17-109
184                android:value="com.google.firebase.components.ComponentRegistrar" />
184-->[com.google.firebase:firebase-auth:21.0.1] AndroidManifest.xml:79:17-82
185            <meta-data
185-->[com.google.firebase:firebase-messaging:22.0.0] AndroidManifest.xml:52:13-54:85
186                android:name="com.google.firebase.components:com.google.firebase.messaging.FirebaseMessagingRegistrar"
186-->[com.google.firebase:firebase-messaging:22.0.0] AndroidManifest.xml:53:17-119
187                android:value="com.google.firebase.components.ComponentRegistrar" />
187-->[com.google.firebase:firebase-messaging:22.0.0] AndroidManifest.xml:54:17-82
188            <meta-data
188-->[com.google.firebase:firebase-datatransport:18.0.0] AndroidManifest.xml:28:13-30:85
189                android:name="com.google.firebase.components:com.google.firebase.datatransport.TransportRegistrar"
189-->[com.google.firebase:firebase-datatransport:18.0.0] AndroidManifest.xml:29:17-115
190                android:value="com.google.firebase.components.ComponentRegistrar" />
190-->[com.google.firebase:firebase-datatransport:18.0.0] AndroidManifest.xml:30:17-82
191            <meta-data
191-->[com.google.firebase:firebase-installations:17.0.0] AndroidManifest.xml:18:13-20:85
192                android:name="com.google.firebase.components:com.google.firebase.installations.FirebaseInstallationsRegistrar"
192-->[com.google.firebase:firebase-installations:17.0.0] AndroidManifest.xml:19:17-127
193                android:value="com.google.firebase.components.ComponentRegistrar" />
193-->[com.google.firebase:firebase-installations:17.0.0] AndroidManifest.xml:20:17-82
194        </service>
195
196        <receiver android:name="com.razorpay.RzpTokenReceiver" >
196-->[com.razorpay:checkout:1.6.8] AndroidManifest.xml:12:9-16:20
196-->[com.razorpay:checkout:1.6.8] AndroidManifest.xml:12:19-63
197            <intent-filter>
197-->[com.razorpay:checkout:1.6.8] AndroidManifest.xml:13:13-15:29
198                <action android:name="rzp.device_token.share" />
198-->[com.razorpay:checkout:1.6.8] AndroidManifest.xml:14:17-65
198-->[com.razorpay:checkout:1.6.8] AndroidManifest.xml:14:25-62
199            </intent-filter>
200        </receiver>
201
202        <activity
202-->[com.google.android.gms:play-services-auth:19.0.0] AndroidManifest.xml:23:9-27:75
203            android:name="com.google.android.gms.auth.api.signin.internal.SignInHubActivity"
203-->[com.google.android.gms:play-services-auth:19.0.0] AndroidManifest.xml:24:13-93
204            android:excludeFromRecents="true"
204-->[com.google.android.gms:play-services-auth:19.0.0] AndroidManifest.xml:25:13-46
205            android:exported="false"
205-->[com.google.android.gms:play-services-auth:19.0.0] AndroidManifest.xml:26:13-37
206            android:theme="@android:style/Theme.Translucent.NoTitleBar" />
206-->[com.google.android.gms:play-services-auth:19.0.0] AndroidManifest.xml:27:13-72
207        <!--
208            Service handling Google Sign-In user revocation. For apps that do not integrate with
209            Google Sign-In, this service will never be started.
210        -->
211        <service
211-->[com.google.android.gms:play-services-auth:19.0.0] AndroidManifest.xml:33:9-37:51
212            android:name="com.google.android.gms.auth.api.signin.RevocationBoundService"
212-->[com.google.android.gms:play-services-auth:19.0.0] AndroidManifest.xml:34:13-89
213            android:exported="true"
213-->[com.google.android.gms:play-services-auth:19.0.0] AndroidManifest.xml:35:13-36
214            android:permission="com.google.android.gms.auth.api.signin.permission.REVOCATION_NOTIFICATION"
214-->[com.google.android.gms:play-services-auth:19.0.0] AndroidManifest.xml:36:13-107
215            android:visibleToInstantApps="true" />
215-->[com.google.android.gms:play-services-auth:19.0.0] AndroidManifest.xml:37:13-48
216
217        <receiver
217-->[com.google.firebase:firebase-messaging:22.0.0] AndroidManifest.xml:28:9-35:20
218            android:name="com.google.firebase.iid.FirebaseInstanceIdReceiver"
218-->[com.google.firebase:firebase-messaging:22.0.0] AndroidManifest.xml:29:13-78
219            android:exported="true"
219-->[com.google.firebase:firebase-messaging:22.0.0] AndroidManifest.xml:30:13-36
220            android:permission="com.google.android.c2dm.permission.SEND" >
220-->[com.google.firebase:firebase-messaging:22.0.0] AndroidManifest.xml:31:13-73
221            <intent-filter>
221-->[com.google.firebase:firebase-messaging:22.0.0] AndroidManifest.xml:32:13-34:29
222                <action android:name="com.google.android.c2dm.intent.RECEIVE" />
222-->[com.google.firebase:firebase-messaging:22.0.0] AndroidManifest.xml:33:17-81
222-->[com.google.firebase:firebase-messaging:22.0.0] AndroidManifest.xml:33:25-78
223            </intent-filter>
224        </receiver>
225        <!--
226             FirebaseMessagingService performs security checks at runtime,
227             but set to not exported to explicitly avoid allowing another app to call it.
228        -->
229        <service
229-->[com.google.firebase:firebase-messaging:22.0.0] AndroidManifest.xml:41:9-48:19
230            android:name="com.google.firebase.messaging.FirebaseMessagingService"
230-->[com.google.firebase:firebase-messaging:22.0.0] AndroidManifest.xml:42:13-82
231            android:directBootAware="true"
231-->[com.google.firebase:firebase-messaging:22.0.0] AndroidManifest.xml:43:13-43
232            android:exported="false" >
232-->[com.google.firebase:firebase-messaging:22.0.0] AndroidManifest.xml:44:13-37
233            <intent-filter android:priority="-500" >
233-->[com.google.firebase:firebase-messaging:22.0.0] AndroidManifest.xml:45:13-47:29
233-->[com.google.firebase:firebase-messaging:22.0.0] AndroidManifest.xml:45:28-51
234                <action android:name="com.google.firebase.MESSAGING_EVENT" />
234-->[com.google.firebase:firebase-messaging:22.0.0] AndroidManifest.xml:46:17-78
234-->[com.google.firebase:firebase-messaging:22.0.0] AndroidManifest.xml:46:25-75
235            </intent-filter>
236        </service>
237        <service
237-->[com.google.android.datatransport:transport-backend-cct:3.0.0] AndroidManifest.xml:29:9-35:19
238            android:name="com.google.android.datatransport.runtime.backends.TransportBackendDiscovery"
238-->[com.google.android.datatransport:transport-backend-cct:3.0.0] AndroidManifest.xml:30:13-103
239            android:exported="false" >
239-->[com.google.android.datatransport:transport-backend-cct:3.0.0] AndroidManifest.xml:31:13-37
240            <meta-data
240-->[com.google.android.datatransport:transport-backend-cct:3.0.0] AndroidManifest.xml:32:13-34:39
241                android:name="backend:com.google.android.datatransport.cct.CctBackendFactory"
241-->[com.google.android.datatransport:transport-backend-cct:3.0.0] AndroidManifest.xml:33:17-94
242                android:value="cct" />
242-->[com.google.android.datatransport:transport-backend-cct:3.0.0] AndroidManifest.xml:34:17-36
243        </service>
244        <service
244-->[com.google.android.datatransport:transport-runtime:3.0.0] AndroidManifest.xml:26:9-30:19
245            android:name="com.google.android.datatransport.runtime.scheduling.jobscheduling.JobInfoSchedulerService"
245-->[com.google.android.datatransport:transport-runtime:3.0.0] AndroidManifest.xml:27:13-117
246            android:exported="false"
246-->[com.google.android.datatransport:transport-runtime:3.0.0] AndroidManifest.xml:28:13-37
247            android:permission="android.permission.BIND_JOB_SERVICE" >
247-->[com.google.android.datatransport:transport-runtime:3.0.0] AndroidManifest.xml:29:13-69
248        </service>
249
250        <receiver
250-->[com.google.android.datatransport:transport-runtime:3.0.0] AndroidManifest.xml:32:9-34:40
251            android:name="com.google.android.datatransport.runtime.scheduling.jobscheduling.AlarmManagerSchedulerBroadcastReceiver"
251-->[com.google.android.datatransport:transport-runtime:3.0.0] AndroidManifest.xml:33:13-132
252            android:exported="false" />
252-->[com.google.android.datatransport:transport-runtime:3.0.0] AndroidManifest.xml:34:13-37
253
254        <activity
254-->[com.google.android.gms:play-services-base:17.1.0] AndroidManifest.xml:23:9-26:75
255            android:name="com.google.android.gms.common.api.GoogleApiActivity"